This file contains any messages produced by compilers while
running configure, to aid debugging if configure makes a mistake.

It was created by routeurl configure 0.0.1, which was
generated by GNU Autoconf 2.69.  Invocation command line was

  $ ./configure 

## --------- ##
## Platform. ##
## --------- ##

hostname = hkhk.com
uname -m = amd64
uname -r = 10.1-RELEASE
uname -s = FreeBSD
uname -v = FreeBSD 10.1-RELEASE #4: Tue Jul 28 10:20:54 CST 2015     root@hkhk.com:/usr/obj/usr/src/sys/MYKERNEL 

/usr/bin/uname -p = amd64
/bin/uname -X     = unknown

/bin/arch              = unknown
/usr/bin/arch -k       = unknown
/usr/convex/getsysinfo = unknown
/usr/bin/hostinfo      = unknown
/bin/machine           = unknown
/usr/bin/oslevel       = unknown
/bin/universe          = unknown

PATH: /home/xud/bin
PATH: /usr/local/bin
PATH: /home/xud/bin
PATH: /usr/local/bin
PATH: /sbin
PATH: /bin
PATH: /usr/sbin
PATH: /usr/bin
PATH: /usr/games
PATH: /usr/local/sbin
PATH: /usr/local/bin
PATH: /home/xud/bin


## ----------- ##
## Core tests. ##
## ----------- ##

configure:2121: checking for a BSD-compatible install
configure:2189: result: /usr/bin/install -c
configure:2200: checking whether build environment is sane
configure:2255: result: yes
configure:2406: checking for a thread-safe mkdir -p
configure:2445: result: ./install-sh -c -d
configure:2452: checking for gawk
configure:2482: result: no
configure:2452: checking for mawk
configure:2482: result: no
configure:2452: checking for nawk
configure:2468: found /usr/bin/nawk
configure:2479: result: nawk
configure:2490: checking whether make sets $(MAKE)
configure:2512: result: yes
configure:2541: checking whether make supports nested variables
configure:2558: result: yes
configure:2737: checking for gcc
configure:2767: result: no
configure:2830: checking for cc
configure:2851: found /usr/bin/cc
configure:2874: result: cc
configure:2993: checking for C compiler version
configure:3002: cc --version >&5
FreeBSD clang version 3.4.1 (tags/RELEASE_34/dot1-final 208032) 20140512
Target: x86_64-unknown-freebsd10.1
Thread model: posix
configure:3013: $? = 0
configure:3002: cc -v >&5
FreeBSD clang version 3.4.1 (tags/RELEASE_34/dot1-final 208032) 20140512
Target: x86_64-unknown-freebsd10.1
Thread model: posix
Selected GCC installation: 
configure:3013: $? = 0
configure:3002: cc -V >&5
cc: error: argument to '-V' is missing (expected 1 value)
cc: error: no input files
configure:3013: $? = 1
configure:3002: cc -qversion >&5
cc: error: unknown argument: '-qversion'
cc: error: no input files
configure:3013: $? = 1
configure:3033: checking whether the C compiler works
configure:3055: cc    conftest.c  >&5
configure:3059: $? = 0
configure:3107: result: yes
configure:3110: checking for C compiler default output file name
configure:3112: result: a.out
configure:3118: checking for suffix of executables
configure:3125: cc -o conftest    conftest.c  >&5
configure:3129: $? = 0
configure:3151: result: 
configure:3173: checking whether we are cross compiling
configure:3181: cc -o conftest    conftest.c  >&5
configure:3185: $? = 0
configure:3192: ./conftest
configure:3196: $? = 0
configure:3211: result: no
configure:3216: checking for suffix of object files
configure:3238: cc -c   conftest.c >&5
configure:3242: $? = 0
configure:3263: result: o
configure:3267: checking whether we are using the GNU C compiler
configure:3286: cc -c   conftest.c >&5
configure:3286: $? = 0
configure:3295: result: yes
configure:3304: checking whether cc accepts -g
configure:3324: cc -c -g  conftest.c >&5
configure:3324: $? = 0
configure:3365: result: yes
configure:3382: checking for cc option to accept ISO C89
configure:3445: cc  -c -g -O2  conftest.c >&5
configure:3445: $? = 0
configure:3458: result: none needed
configure:3483: checking whether cc understands -c and -o together
configure:3505: cc -c conftest.c -o conftest2.o
configure:3508: $? = 0
configure:3505: cc -c conftest.c -o conftest2.o
configure:3508: $? = 0
configure:3520: result: yes
configure:3548: checking for style of include used by make
configure:3576: result: GNU
configure:3602: checking dependency style of cc
configure:3713: result: gcc3
configure:3731: checking for main in -ldnet
configure:3750: cc -o conftest -g -O2   conftest.c -ldnet   >&5
/usr/bin/ld: cannot find -ldnet
cc: error: linker command failed with exit code 1 (use -v to see invocation)
configure:3750: $? = 1
configure: failed program was:
| /* confdefs.h */
| #define PACKAGE_NAME "routeurl"
| #define PACKAGE_TARNAME "routeurl"
| #define PACKAGE_VERSION "0.0.1"
| #define PACKAGE_STRING "routeurl 0.0.1"
| #define PACKAGE_BUGREPORT "xdsecret1@gmail.com"
| #define PACKAGE_URL ""
| #define PACKAGE "routeurl"
| #define VERSION "0.0.1"
| /* end confdefs.h.  */
| 
| 
| int
| main ()
| {
| return main ();
|   ;
|   return 0;
| }
configure:3759: result: no
configure:3770: checking for main in -lpcap
configure:3789: cc -o conftest -g -O2   conftest.c -lpcap   >&5
configure:3789: $? = 0
configure:3798: result: yes
configure:3819: checking how to run the C preprocessor
configure:3850: cc -E  conftest.c
configure:3850: $? = 0
configure:3864: cc -E  conftest.c
conftest.c:12:10: fatal error: 'ac_nonexistent.h' file not found
#include <ac_nonexistent.h>
         ^
1 error generated.
configure:3864: $? = 1
configure: failed program was:
| /* confdefs.h */
| #define PACKAGE_NAME "routeurl"
| #define PACKAGE_TARNAME "routeurl"
| #define PACKAGE_VERSION "0.0.1"
| #define PACKAGE_STRING "routeurl 0.0.1"
| #define PACKAGE_BUGREPORT "xdsecret1@gmail.com"
| #define PACKAGE_URL ""
| #define PACKAGE "routeurl"
| #define VERSION "0.0.1"
| #define HAVE_LIBPCAP 1
| /* end confdefs.h.  */
| #include <ac_nonexistent.h>
configure:3889: result: cc -E
configure:3909: cc -E  conftest.c
configure:3909: $? = 0
configure:3923: cc -E  conftest.c
conftest.c:12:10: fatal error: 'ac_nonexistent.h' file not found
#include <ac_nonexistent.h>
         ^
1 error generated.
configure:3923: $? = 1
configure: failed program was:
| /* confdefs.h */
| #define PACKAGE_NAME "routeurl"
| #define PACKAGE_TARNAME "routeurl"
| #define PACKAGE_VERSION "0.0.1"
| #define PACKAGE_STRING "routeurl 0.0.1"
| #define PACKAGE_BUGREPORT "xdsecret1@gmail.com"
| #define PACKAGE_URL ""
| #define PACKAGE "routeurl"
| #define VERSION "0.0.1"
| #define HAVE_LIBPCAP 1
| /* end confdefs.h.  */
| #include <ac_nonexistent.h>
configure:3952: checking for grep that handles long lines and -e
configure:4010: result: /usr/bin/grep
configure:4015: checking for egrep
configure:4077: result: /usr/bin/grep -E
configure:4082: checking for ANSI C header files
configure:4102: cc -c -g -O2 -I/usr/local/include/  conftest.c >&5
configure:4102: $? = 0
configure:4175: cc -o conftest -g -O2 -I/usr/local/include/   -L/usr/local/lib/ conftest.c -lpcap  >&5
configure:4175: $? = 0
configure:4175: ./conftest
configure:4175: $? = 0
configure:4186: result: yes
configure:4199: checking for sys/types.h
configure:4199: cc -c -g -O2 -I/usr/local/include/  conftest.c >&5
configure:4199: $? = 0
configure:4199: result: yes
configure:4199: checking for sys/stat.h
configure:4199: cc -c -g -O2 -I/usr/local/include/  conftest.c >&5
configure:4199: $? = 0
configure:4199: result: yes
configure:4199: checking for stdlib.h
configure:4199: cc -c -g -O2 -I/usr/local/include/  conftest.c >&5
configure:4199: $? = 0
configure:4199: result: yes
configure:4199: checking for string.h
configure:4199: cc -c -g -O2 -I/usr/local/include/  conftest.c >&5
configure:4199: $? = 0
configure:4199: result: yes
configure:4199: checking for memory.h
configure:4199: cc -c -g -O2 -I/usr/local/include/  conftest.c >&5
configure:4199: $? = 0
configure:4199: result: yes
configure:4199: checking for strings.h
configure:4199: cc -c -g -O2 -I/usr/local/include/  conftest.c >&5
configure:4199: $? = 0
configure:4199: result: yes
configure:4199: checking for inttypes.h
configure:4199: cc -c -g -O2 -I/usr/local/include/  conftest.c >&5
configure:4199: $? = 0
configure:4199: result: yes
configure:4199: checking for stdint.h
configure:4199: cc -c -g -O2 -I/usr/local/include/  conftest.c >&5
configure:4199: $? = 0
configure:4199: result: yes
configure:4199: checking for unistd.h
configure:4199: cc -c -g -O2 -I/usr/local/include/  conftest.c >&5
configure:4199: $? = 0
configure:4199: result: yes
configure:4214: checking for stdlib.h
configure:4214: result: yes
configure:4214: checking for unistd.h
configure:4214: result: yes
configure:4340: checking that generated files are newer than configure
configure:4346: result: done
configure:4369: creating ./config.status

## ---------------------- ##
## Running config.status. ##
## ---------------------- ##

This file was extended by routeurl config.status 0.0.1, which was
generated by GNU Autoconf 2.69.  Invocation command line was

  CONFIG_FILES    = 
  CONFIG_HEADERS  = 
  CONFIG_LINKS    = 
  CONFIG_COMMANDS = 
  $ ./config.status 

on hkhk.com

config.status:855: creating Makefile
config.status:855: creating config.h
config.status:1036: config.h is unchanged
config.status:1084: executing depfiles commands

## ---------------- ##
## Cache variables. ##
## ---------------- ##

ac_cv_c_compiler_gnu=yes
ac_cv_env_CC_set=''
ac_cv_env_CC_value=''
ac_cv_env_CFLAGS_set=''
ac_cv_env_CFLAGS_value=''
ac_cv_env_CPPFLAGS_set=''
ac_cv_env_CPPFLAGS_value=''
ac_cv_env_CPP_set=''
ac_cv_env_CPP_value=''
ac_cv_env_LDFLAGS_set=''
ac_cv_env_LDFLAGS_value=''
ac_cv_env_LIBS_set=''
ac_cv_env_LIBS_value=''
ac_cv_env_build_alias_set=''
ac_cv_env_build_alias_value=''
ac_cv_env_host_alias_set=''
ac_cv_env_host_alias_value=''
ac_cv_env_target_alias_set=''
ac_cv_env_target_alias_value=''
ac_cv_header_inttypes_h=yes
ac_cv_header_memory_h=yes
ac_cv_header_stdc=yes
ac_cv_header_stdint_h=yes
ac_cv_header_stdlib_h=yes
ac_cv_header_string_h=yes
ac_cv_header_strings_h=yes
ac_cv_header_sys_stat_h=yes
ac_cv_header_sys_types_h=yes
ac_cv_header_unistd_h=yes
ac_cv_lib_dnet_main=no
ac_cv_lib_pcap_main=yes
ac_cv_objext=o
ac_cv_path_EGREP='/usr/bin/grep -E'
ac_cv_path_GREP=/usr/bin/grep
ac_cv_path_install='/usr/bin/install -c'
ac_cv_prog_AWK=nawk
ac_cv_prog_CC=cc
ac_cv_prog_CPP='cc -E'
ac_cv_prog_cc_c89=''
ac_cv_prog_cc_g=yes
ac_cv_prog_make_make_set=yes
am_cv_CC_dependencies_compiler_type=gcc3
am_cv_make_support_nested_variables=yes
am_cv_prog_cc_c_o=yes

## ----------------- ##
## Output variables. ##
## ----------------- ##

ACLOCAL='${SHELL} /home/xud/route_url/src/missing aclocal-1.15'
AMDEPBACKSLASH='\'
AMDEP_FALSE='#'
AMDEP_TRUE=''
AMTAR='$${TAR-tar}'
AM_BACKSLASH='\'
AM_DEFAULT_V='$(AM_DEFAULT_VERBOSITY)'
AM_DEFAULT_VERBOSITY='1'
AM_V='$(V)'
AUTOCONF='${SHELL} /home/xud/route_url/src/missing autoconf'
AUTOHEADER='${SHELL} /home/xud/route_url/src/missing autoheader'
AUTOMAKE='${SHELL} /home/xud/route_url/src/missing automake-1.15'
AWK='nawk'
CC='cc'
CCDEPMODE='depmode=gcc3'
CFLAGS='-g -O2 -I/usr/local/include/'
CPP='cc -E'
CPPFLAGS=''
CYGPATH_W='echo'
DEFS='-DHAVE_CONFIG_H'
DEPDIR='.deps'
ECHO_C=''
ECHO_N='-n'
ECHO_T=''
EGREP='/usr/bin/grep -E'
EXEEXT=''
GREP='/usr/bin/grep'
INSTALL_DATA='${INSTALL} -m 644'
INSTALL_PROGRAM='${INSTALL}'
INSTALL_SCRIPT='${INSTALL}'
INSTALL_STRIP_PROGRAM='$(install_sh) -c -s'
LDFLAGS=' -L/usr/local/lib/'
LIBOBJS=''
LIBS='-lpcap '
LTLIBOBJS=''
MAKEINFO='${SHELL} /home/xud/route_url/src/missing makeinfo'
MKDIR_P='./install-sh -c -d'
OBJEXT='o'
PACKAGE='routeurl'
PACKAGE_BUGREPORT='xdsecret1@gmail.com'
PACKAGE_NAME='routeurl'
PACKAGE_STRING='routeurl 0.0.1'
PACKAGE_TARNAME='routeurl'
PACKAGE_URL=''
PACKAGE_VERSION='0.0.1'
PATH_SEPARATOR=':'
SET_MAKE=''
SHELL='/bin/sh'
STRIP=''
VERSION='0.0.1'
ac_ct_CC=''
am__EXEEXT_FALSE=''
am__EXEEXT_TRUE='#'
am__fastdepCC_FALSE='#'
am__fastdepCC_TRUE=''
am__include='include'
am__isrc=''
am__leading_dot='.'
am__nodep='_no'
am__quote=''
am__tar='$${TAR-tar} chof - "$$tardir"'
am__untar='$${TAR-tar} xf -'
bindir='${exec_prefix}/bin'
build_alias=''
datadir='${datarootdir}'
datarootdir='${prefix}/share'
docdir='${datarootdir}/doc/${PACKAGE_TARNAME}'
dvidir='${docdir}'
exec_prefix='${prefix}'
host_alias=''
htmldir='${docdir}'
includedir='${prefix}/include'
infodir='${datarootdir}/info'
install_sh='${SHELL} /home/xud/route_url/src/install-sh'
libdir='${exec_prefix}/lib'
libexecdir='${exec_prefix}/libexec'
localedir='${datarootdir}/locale'
localstatedir='${prefix}/var'
mandir='${datarootdir}/man'
mkdir_p='$(MKDIR_P)'
oldincludedir='/usr/include'
pdfdir='${docdir}'
prefix='/usr/local'
program_transform_name='s,x,x,'
psdir='${docdir}'
sbindir='${exec_prefix}/sbin'
sharedstatedir='${prefix}/com'
sysconfdir='${prefix}/etc'
target_alias=''

## ----------- ##
## confdefs.h. ##
## ----------- ##

/* confdefs.h */
#define PACKAGE_NAME "routeurl"
#define PACKAGE_TARNAME "routeurl"
#define PACKAGE_VERSION "0.0.1"
#define PACKAGE_STRING "routeurl 0.0.1"
#define PACKAGE_BUGREPORT "xdsecret1@gmail.com"
#define PACKAGE_URL ""
#define PACKAGE "routeurl"
#define VERSION "0.0.1"
#define HAVE_LIBPCAP 1
#define STDC_HEADERS 1
#define HAVE_SYS_TYPES_H 1
#define HAVE_SYS_STAT_H 1
#define HAVE_STDLIB_H 1
#define HAVE_STRING_H 1
#define HAVE_MEMORY_H 1
#define HAVE_STRINGS_H 1
#define HAVE_INTTYPES_H 1
#define HAVE_STDINT_H 1
#define HAVE_UNISTD_H 1
#define HAVE_STDLIB_H 1
#define HAVE_UNISTD_H 1

configure: exit 0
